<?xml version="1.0" encoding="UTF-8"?>
<!-- Generated by org.testng.reporters.JUnitXMLReporter -->
<testsuite ignored="1" hostname="DESKTOP-KNDOVRP" failures="1" tests="2" name="Default test(failed)" time="0.153" errors="0" timestamp="04 Mar 2020 15:44:16 GMT">
  <testcase classname="demo.TestNGRetryFaiedDemo" name="test2" time="0.044"/>
  <testcase classname="demo.TestNGRetryFaiedDemo" name="test3" time="0.013">
    <failure type="java.lang.AssertionError" message="expected [true] but found [false]">
      <![CDATA[java.lang.AssertionError: expected [true] but found [false]
at demo.TestNGRetryFaiedDemo.test3(TestNGRetryFaiedDemo.java:22)
... Removed 29 stack frames]]>
    </failure>
  </testcase> <!-- test3 -->
  <testcase classname="demo.TestNGRetryFaiedDemo" name="test1" time="0.0">
    <ignored/>
  </testcase> <!-- test1 -->
</testsuite> <!-- Default test(failed) -->
